<?xml version="1.0" encoding="UTF-8"?>
<testng-results ignored="0" total="1" passed="1" failed="0" skipped="0">
  <reporter-output>
  </reporter-output>
  <suite started-at="2025-02-11T11:15:44 IST" name="Default suite" finished-at="2025-02-11T11:16:08 IST" duration-ms="24213">
    <groups>
    </groups>
    <test started-at="2025-02-11T11:15:44 IST" name="Default test" finished-at="2025-02-11T11:16:08 IST" duration-ms="24213">
      <class name="Axeplaywright.Axeplaywright.AxeAccessibilityimplementation">
        <test-method signature="shouldNotHaveAutomaticallyDetectableAccessibilityIssues()[pri:0, instance:Axeplaywright.Axeplaywright.AxeAccessibilityimplementation@e70f13a]" started-at="2025-02-11T11:15:44 IST" name="shouldNotHaveAutomaticallyDetectableAccessibilityIssues" finished-at="2025-02-11T11:16:08 IST" duration-ms="24175" status="PASS">
          <reporter-output>
          </reporter-output>
        </test-method> <!-- shouldNotHaveAutomaticallyDetectableAccessibilityIssues -->
        <test-method is-config="true" signature="tearDown()[pri:0, instance:Axeplaywright.Axeplaywright.AxeAccessibilityimplementation@e70f13a]" started-at="2025-02-11T11:16:08 IST" name="tearDown" finished-at="2025-02-11T11:16:09 IST" duration-ms="417" status="PASS">
          <reporter-output>
          </reporter-output>
        </test-method> <!-- tearDown -->
      </class> <!-- Axeplaywright.Axeplaywright.AxeAccessibilityimplementation -->
    </test> <!-- Default test -->
  </suite> <!-- Default suite -->
</testng-results>
